Copyright 1986-2021 Xilinx, Inc. All Rights Reserved.
--------------------------------------------------------------------------------------------
| Tool Version : Vivado v.2021.2 (win64) Build 3367213 Tue Oct 19 02:48:09 MDT 2021
| Date         : Mon Jun  8 03:39:11 2026
| Host         : c011-07 running 64-bit major release  (build 9200)
| Command      : report_control_sets -verbose -file final_top_shell_control_sets_placed.rpt
| Design       : final_top_shell
| Device       : xc7a35t
--------------------------------------------------------------------------------------------

Control Set Information

Table of Contents
-----------------
1. Summary
2. Histogram
3. Flip-Flop Distribution
4. Detailed Control Set Information

1. Summary
----------

+----------------------------------------------------------+-------+
|                          Status                          | Count |
+----------------------------------------------------------+-------+
| Total control sets                                       |    18 |
|    Minimum number of control sets                        |    18 |
|    Addition due to synthesis replication                 |     0 |
|    Addition due to physical synthesis replication        |     0 |
| Unused register locations in slices containing registers |    54 |
+----------------------------------------------------------+-------+
* Control sets can be merged at opt_design using control_set_merge or merge_equivalent_drivers
** Run report_qor_suggestions for automated merging and remapping suggestions


2. Histogram
------------

+--------------------+-------+
|       Fanout       | Count |
+--------------------+-------+
| Total control sets |    18 |
| >= 0 to < 4        |     0 |
| >= 4 to < 6        |     2 |
| >= 6 to < 8        |     4 |
| >= 8 to < 10       |     1 |
| >= 10 to < 12      |     2 |
| >= 12 to < 14      |     2 |
| >= 14 to < 16      |     0 |
| >= 16              |     7 |
+--------------------+-------+
* Control sets can be remapped at either synth_design or opt_design


3. Flip-Flop Distribution
-------------------------

+--------------+-----------------------+------------------------+-----------------+--------------+
| Clock Enable | Synchronous Set/Reset | Asynchronous Set/Reset | Total Registers | Total Slices |
+--------------+-----------------------+------------------------+-----------------+--------------+
| No           | No                    | No                     |              52 |           24 |
| No           | No                    | Yes                    |               0 |            0 |
| No           | Yes                   | No                     |              73 |           17 |
| Yes          | No                    | No                     |           11550 |         2411 |
| Yes          | No                    | Yes                    |               0 |            0 |
| Yes          | Yes                   | No                     |              31 |           10 |
+--------------+-----------------------+------------------------+-----------------+--------------+


4. Detailed Control Set Information
-----------------------------------

+------------------------------------------------+-----------------------------------------------------------------------+---------------------------------------------------------------------------------+------------------+----------------+--------------+
|                  Clock Signal                  |                             Enable Signal                             |                                 Set/Reset Signal                                | Slice Load Count | Bel Load Count | Bels / Slice |
+------------------------------------------------+-----------------------------------------------------------------------+---------------------------------------------------------------------------------+------------------+----------------+--------------+
|  Voltmeter_top_inst/lab6_top_inst/clocking/CLK | Voltmeter_top_inst/lab6_top_inst/receiver/shift_count[3]_i_1_n_1      | Voltmeter_top_inst/lab6_top_inst/receiver/Q[0]                                  |                1 |              4 |         4.00 |
|  clk_ext_IBUF_BUFG                             | VGA_top_inst/vga_sync_inst/line_cnt                                   | VGA_top_inst/vga_sync_inst/line_cnt[9]_i_1_n_1                                  |                2 |              4 |         2.00 |
|  Voltmeter_top_inst/lab6_top_inst/clocking/CLK | Voltmeter_top_inst/lab6_top_inst/freq_controller/freq_reg[12]_i_2_n_1 | Voltmeter_top_inst/lab6_top_inst/freq_controller/freq_reg[12]_i_1_n_1           |                3 |              6 |         2.00 |
|  clk_ext_IBUF_BUFG                             |                                                                       | Voltmeter_top_inst/lab6_top_inst/clocking/system_clk_divider_counter[5]_i_1_n_1 |                1 |              6 |         6.00 |
|  clk_ext_IBUF_BUFG                             | VGA_top_inst/vga_sync_inst/line_cnt                                   |                                                                                 |                3 |              6 |         2.00 |
|  Voltmeter_top_inst/lab6_top_inst/clocking/CLK | Voltmeter_top_inst/lab6_top_inst/freq_controller/freq_reg[15]_i_2_n_1 | Voltmeter_top_inst/lab6_top_inst/freq_controller/freq_reg[15]_i_1_n_1           |                2 |              7 |         3.50 |
|  clk_ext_IBUF_BUFG                             |                                                                       |                                                                                 |                5 |              8 |         1.60 |
|  clk_ext_IBUF_BUFG                             | VGA_top_inst/vga_sync_inst/PCLK_rising                                | VGA_top_inst/vga_sync_inst/pxl_cnt                                              |                2 |             10 |         5.00 |
|  Voltmeter_top_inst/lab6_top_inst/clocking/CLK |                                                                       | Voltmeter_top_inst/lab6_top_inst/display/cdcount[10]_i_1_n_1                    |                3 |             11 |         3.67 |
|  Voltmeter_top_inst/lab6_top_inst/clocking/CLK | Voltmeter_top_inst/lab6_top_inst/receiver/shift_enable                |                                                                                 |                2 |             12 |         6.00 |
|  Voltmeter_top_inst/lab6_top_inst/clocking/CLK | Voltmeter_top_inst/lab6_top_inst/receiver/load_enable                 |                                                                                 |                2 |             12 |         6.00 |
|  Voltmeter_top_inst/lab6_top_inst/clocking/CLK |                                                                       | Voltmeter_top_inst/lab6_top_inst/tick_generation/clear                          |                4 |             16 |         4.00 |
|  Voltmeter_top_inst/lab6_top_inst/clocking/CLK |                                                                       |                                                                                 |                9 |             17 |         1.89 |
|  Voltmeter_top_inst/lab6_top_inst/clocking/CLK |                                                                       | Voltmeter_top_inst/lab6_top_inst/freq_controller/left_count[19]_i_1_n_1         |                5 |             20 |         4.00 |
|  Voltmeter_top_inst/lab6_top_inst/clocking/CLK |                                                                       | Voltmeter_top_inst/lab6_top_inst/freq_controller/right_count[19]_i_1_n_1        |                4 |             20 |         5.00 |
|  n_0_2876_BUFG                                 |                                                                       |                                                                                 |               10 |             28 |         2.80 |
|  clk_ext_IBUF_BUFG                             | VGA_top_inst/vga_sync_inst/load_new_screen                            |                                                                                 |             1012 |           5760 |         5.69 |
|  clk_ext_IBUF_BUFG                             | Voltmeter_top_inst/cs_rising_edge_inst/E[0]                           |                                                                                 |             1392 |           5760 |         4.14 |
+------------------------------------------------+-----------------------------------------------------------------------+---------------------------------------------------------------------------------+------------------+----------------+--------------+


